<?xml version="1.0" encoding="UTF-8"?>
<!-- Generated by org.testng.reporters.JUnitXMLReporter -->
<testsuite hostname="AnilHPLaptop" ignored="0" name="Test" tests="1" failures="0" timestamp="22 Mar 2023 14:38:13 GMT" time="0.033" errors="0">
  <testcase name="@BeforeMethod init" time="0.0" classname="zoho.test.utils.BaseTest">
    <failure type="org.testng.TestNGException" message="
Parameter &amp;apos;browserType&amp;apos; is required by BeforeMethod on method init but has not been marked @Optional or defined
in C:\Users\anilc\Downloads\zoho\zoho\src\test\resources\testng_local.xml">
      <![CDATA[org.testng.TestNGException: 
Parameter 'browserType' is required by BeforeMethod on method init but has not been marked @Optional or defined
in C:\Users\anilc\Downloads\zoho\zoho\src\test\resources\testng_local.xml
... Removed 25 stack frames]]>
    </failure>
  </testcase> <!-- @BeforeMethod init -->
  <testcase name="@AfterMethod teardown" time="0.0" classname="zoho.test.utils.BaseTest">
    <skipped/>
  </testcase> <!-- @AfterMethod teardown -->
  <testcase name="f" time="0.0" classname="local.test.LocalTest">
    <skipped/>
  </testcase> <!-- f -->
</testsuite> <!-- Test -->
