<?xml version="1.0" encoding="UTF-8"?>
<!-- Generated by org.testng.reporters.JUnitXMLReporter -->
<testsuite hostname="AnilHPLaptop" ignored="0" name="Test2" tests="2" failures="1" timestamp="21 Mar 2023 12:09:29 GMT" time="27.136" errors="0">
  <testcase name="mytest7" time="17.497" classname="zoho.test.Zoho_DriverFactory_Test2"/>
  <testcase name="mytest8" time="20.877" classname="zoho.test.Zoho_DriverFactory_Test2">
    <failure type="org.openqa.selenium.TimeoutException" message="Expected condition failed: waiting for element to be clickable: [[ChromeDriver: chrome on WINDOWS (7c6ea2cfd722aabfc10189f7499591bd)] -&amp;gt; xpath: //input[@id=&amp;apos;password&amp;apos;]] (tried for 10 second(s) with 500 milliseconds interval)
Build info: version: &amp;apos;4.3.0&amp;apos;, revision: &amp;apos;a4995e2c09*&amp;apos;
System info: host: &amp;apos;ANILHPLAPTOP&amp;apos;, ip: &amp;apos;192.168.1.123&amp;apos;, os.name: &amp;apos;Windows 10&amp;apos;, os.arch: &amp;apos;amd64&amp;apos;, os.version: &amp;apos;10.0&amp;apos;, java.version: &amp;apos;1.8.0_202&amp;apos;
Driver info: com.sun.proxy.$Proxy29">
      <![CDATA[org.openqa.selenium.TimeoutException: Expected condition failed: waiting for element to be clickable: [[ChromeDriver: chrome on WINDOWS (7c6ea2cfd722aabfc10189f7499591bd)] -> xpath: //input[@id='password']] (tried for 10 second(s) with 500 milliseconds interval)
Build info: version: '4.3.0', revision: 'a4995e2c09*'
System info: host: 'ANILHPLAPTOP', ip: '192.168.1.123', os.name: 'Windows 10', os.arch: 'amd64', os.version: '10.0', java.version: '1.8.0_202'
Driver info: com.sun.proxy.$Proxy29
at org.openqa.selenium.support.ui.WebDriverWait.timeoutException(WebDriverWait.java:87)
at org.openqa.selenium.support.ui.FluentWait.until(FluentWait.java:231)
at zoho.pageobjects.ZohoBasePO.getElement(ZohoBasePO.java:22)
at zoho.pageobjects.ZohoSignInPO.signInWithEmailAndPassword(ZohoSignInPO.java:34)
at zoho.test.Zoho_DriverFactory_Test2.mytest8(Zoho_DriverFactory_Test2.java:55)
at java.util.concurrent.ThreadPoolExecutor.runWorker(ThreadPoolExecutor.java:1149)
at java.util.concurrent.ThreadPoolExecutor$Worker.run(ThreadPoolExecutor.java:624)
at java.lang.Thread.run(Thread.java:748)
... Removed 10 stack frames]]>
    </failure>
  </testcase> <!-- mytest8 -->
</testsuite> <!-- Test2 -->
