<?xml version="1.0" encoding="UTF-8"?>
<testng-results skipped="0" failed="1" ignored="0" total="4" passed="3">
  <reporter-output>
  </reporter-output>
  <suite name="Suite" duration-ms="27526" started-at="2023-03-20T12:09:56Z" finished-at="2023-03-20T12:10:23Z">
    <groups>
    </groups>
    <test name="Test1" duration-ms="24609" started-at="2023-03-20T12:09:56Z" finished-at="2023-03-20T12:10:20Z">
      <class name="zoho.test.Zoho_DriverFactory_Test">
        <test-method status="PASS" signature="init(java.lang.String)[pri:0, instance:zoho.test.Zoho_DriverFactory_Test@6d7b4f4c]" name="init" is-config="true" duration-ms="9" started-at="2023-03-20T12:09:56Z" finished-at="2023-03-20T12:09:56Z">
          <params>
            <param index="0">
              <value>
                <![CDATA[chrome]]>
              </value>
            </param>
          </params>
          <reporter-output>
          </reporter-output>
        </test-method> <!-- init -->
        <test-method status="PASS" signature="init(java.lang.String)[pri:0, instance:zoho.test.Zoho_DriverFactory_Test@6d7b4f4c]" name="init" is-config="true" duration-ms="9" started-at="2023-03-20T12:09:56Z" finished-at="2023-03-20T12:09:56Z">
          <params>
            <param index="0">
              <value>
                <![CDATA[chrome]]>
              </value>
            </param>
          </params>
          <reporter-output>
          </reporter-output>
        </test-method> <!-- init -->
        <test-method status="PASS" signature="mytest3()[pri:0, instance:zoho.test.Zoho_DriverFactory_Test@6d7b4f4c]" name="mytest3" duration-ms="18471" started-at="2023-03-20T12:09:56Z" finished-at="2023-03-20T12:10:15Z">
          <reporter-output>
          </reporter-output>
        </test-method> <!-- mytest3 -->
        <test-method status="FAIL" signature="mytest1()[pri:0, instance:zoho.test.Zoho_DriverFactory_Test@6d7b4f4c]" name="mytest1" duration-ms="12270" started-at="2023-03-20T12:09:56Z" finished-at="2023-03-20T12:10:08Z">
          <exception class="org.openqa.selenium.NoSuchElementException">
            <message>
              <![CDATA[no such element: Unable to locate element: {"method":"css selector","selector":"*[name='q1']"}
  (Session info: chrome=111.0.5563.65)
For documentation on this error, please visit: https://selenium.dev/exceptions/#no_such_element
Build info: version: '4.3.0', revision: 'a4995e2c09*'
System info: host: 'ANILHPLAPTOP', ip: '192.168.1.123', os.name: 'Windows 10', os.arch: 'amd64', os.version: '10.0', java.version: '1.8.0_202'
Driver info: org.openqa.selenium.chrome.ChromeDriver
Command: [cac1d32f593050654a88e95d9c9e0640, findElement {using=name, value=q1}]
Capabilities {acceptInsecureCerts: false, browserName: chrome, browserVersion: 111.0.5563.65, chrome: {chromedriverVersion: 111.0.5563.64 (c710e93d5b63..., userDataDir: C:\Users\anilc\AppData\Loca...}, goog:chromeOptions: {debuggerAddress: localhost:62444}, networkConnectionEnabled: false, pageLoadStrategy: normal, platformName: WINDOWS, proxy: Proxy(), se:cdp: ws://localhost:62444/devtoo..., se:cdpVersion: 111.0.5563.65, setWindowRect: true, strictFileInteractability: false, timeouts: {implicit: 0, pageLoad: 300000, script: 30000}, unhandledPromptBehavior: dismiss and notify, webauthn:extension:credBlob: true, webauthn:extension:largeBlob: true, webauthn:extension:minPinLength: true, webauthn:extension:prf: true, webauthn:virtualAuthenticators: true}
Session ID: cac1d32f593050654a88e95d9c9e0640]]>
            </message>
            <full-stacktrace>
              <![CDATA[org.openqa.selenium.NoSuchElementException: no such element: Unable to locate element: {"method":"css selector","selector":"*[name='q1']"}
  (Session info: chrome=111.0.5563.65)
For documentation on this error, please visit: https://selenium.dev/exceptions/#no_such_element
Build info: version: '4.3.0', revision: 'a4995e2c09*'
System info: host: 'ANILHPLAPTOP', ip: '192.168.1.123', os.name: 'Windows 10', os.arch: 'amd64', os.version: '10.0', java.version: '1.8.0_202'
Driver info: org.openqa.selenium.chrome.ChromeDriver
Command: [cac1d32f593050654a88e95d9c9e0640, findElement {using=name, value=q1}]
Capabilities {acceptInsecureCerts: false, browserName: chrome, browserVersion: 111.0.5563.65, chrome: {chromedriverVersion: 111.0.5563.64 (c710e93d5b63..., userDataDir: C:\Users\anilc\AppData\Loca...}, goog:chromeOptions: {debuggerAddress: localhost:62444}, networkConnectionEnabled: false, pageLoadStrategy: normal, platformName: WINDOWS, proxy: Proxy(), se:cdp: ws://localhost:62444/devtoo..., se:cdpVersion: 111.0.5563.65, setWindowRect: true, strictFileInteractability: false, timeouts: {implicit: 0, pageLoad: 300000, script: 30000}, unhandledPromptBehavior: dismiss and notify, webauthn:extension:credBlob: true, webauthn:extension:largeBlob: true, webauthn:extension:minPinLength: true, webauthn:extension:prf: true, webauthn:virtualAuthenticators: true}
Session ID: cac1d32f593050654a88e95d9c9e0640
at sun.reflect.NativeConstructorAccessorImpl.newInstance0(Native Method)
at sun.reflect.NativeConstructorAccessorImpl.newInstance(NativeConstructorAccessorImpl.java:62)
at sun.reflect.DelegatingConstructorAccessorImpl.newInstance(DelegatingConstructorAccessorImpl.java:45)
at java.lang.reflect.Constructor.newInstance(Constructor.java:423)
at org.openqa.selenium.remote.codec.w3c.W3CHttpResponseCodec.createException(W3CHttpResponseCodec.java:200)
at org.openqa.selenium.remote.codec.w3c.W3CHttpResponseCodec.decode(W3CHttpResponseCodec.java:133)
at org.openqa.selenium.remote.codec.w3c.W3CHttpResponseCodec.decode(W3CHttpResponseCodec.java:53)
at org.openqa.selenium.remote.HttpCommandExecutor.execute(HttpCommandExecutor.java:184)
at org.openqa.selenium.remote.service.DriverCommandExecutor.invokeExecute(DriverCommandExecutor.java:167)
at org.openqa.selenium.remote.service.DriverCommandExecutor.execute(DriverCommandExecutor.java:142)
at org.openqa.selenium.remote.RemoteWebDriver.execute(RemoteWebDriver.java:569)
at org.openqa.selenium.remote.ElementLocation$ElementFinder$2.findElement(ElementLocation.java:162)
at org.openqa.selenium.remote.ElementLocation.findElement(ElementLocation.java:66)
at org.openqa.selenium.remote.RemoteWebDriver.findElement(RemoteWebDriver.java:387)
at org.openqa.selenium.remote.RemoteWebDriver.findElement(RemoteWebDriver.java:379)
at sun.reflect.NativeMethodAccessorImpl.invoke0(Native Method)
at sun.reflect.NativeMethodAccessorImpl.invoke(NativeMethodAccessorImpl.java:62)
at sun.reflect.DelegatingMethodAccessorImpl.invoke(DelegatingMethodAccessorImpl.java:43)
at java.lang.reflect.Method.invoke(Method.java:498)
at org.openqa.selenium.support.ThreadGuard$WebDriverInvocationHandler.invokeUnderlying(ThreadGuard.java:101)
at org.openqa.selenium.support.ThreadGuard$WebDriverInvocationHandler.invoke(ThreadGuard.java:93)
at com.sun.proxy.$Proxy29.findElement(Unknown Source)
at zoho.test.Zoho_DriverFactory_Test.mytest1(Zoho_DriverFactory_Test.java:52)
at sun.reflect.NativeMethodAccessorImpl.invoke0(Native Method)
at sun.reflect.NativeMethodAccessorImpl.invoke(NativeMethodAccessorImpl.java:62)
at sun.reflect.DelegatingMethodAccessorImpl.invoke(DelegatingMethodAccessorImpl.java:43)
at java.lang.reflect.Method.invoke(Method.java:498)
at org.testng.internal.MethodInvocationHelper.invokeMethod(MethodInvocationHelper.java:124)
at org.testng.internal.Invoker.invokeMethod(Invoker.java:583)
at org.testng.internal.Invoker.invokeTestMethod(Invoker.java:719)
at org.testng.internal.Invoker.invokeTestMethods(Invoker.java:989)
at org.testng.internal.TestMethodWorker.invokeTestMethods(TestMethodWorker.java:125)
at org.testng.internal.TestMethodWorker.run(TestMethodWorker.java:109)
at java.util.concurrent.ThreadPoolExecutor.runWorker(ThreadPoolExecutor.java:1149)
at java.util.concurrent.ThreadPoolExecutor$Worker.run(ThreadPoolExecutor.java:624)
at java.lang.Thread.run(Thread.java:748)
]]>
            </full-stacktrace>
          </exception> <!-- org.openqa.selenium.NoSuchElementException -->
          <reporter-output>
          </reporter-output>
        </test-method> <!-- mytest1 -->
        <test-method status="PASS" signature="teardown()[pri:0, instance:zoho.test.Zoho_DriverFactory_Test@6d7b4f4c]" name="teardown" is-config="true" duration-ms="5661" started-at="2023-03-20T12:10:09Z" finished-at="2023-03-20T12:10:14Z">
          <reporter-output>
          </reporter-output>
        </test-method> <!-- teardown -->
        <test-method status="PASS" signature="teardown()[pri:0, instance:zoho.test.Zoho_DriverFactory_Test@6d7b4f4c]" name="teardown" is-config="true" duration-ms="5737" started-at="2023-03-20T12:10:15Z" finished-at="2023-03-20T12:10:20Z">
          <reporter-output>
          </reporter-output>
        </test-method> <!-- teardown -->
      </class> <!-- zoho.test.Zoho_DriverFactory_Test -->
    </test> <!-- Test1 -->
    <test name="Test2" duration-ms="27526" started-at="2023-03-20T12:09:56Z" finished-at="2023-03-20T12:10:23Z">
      <class name="zoho.test.Zoho_DriverFactory_Test2">
        <test-method status="PASS" signature="init(java.lang.String)[pri:0, instance:zoho.test.Zoho_DriverFactory_Test2@5bc79255]" name="init" is-config="true" duration-ms="9" started-at="2023-03-20T12:09:56Z" finished-at="2023-03-20T12:09:56Z">
          <params>
            <param index="0">
              <value>
                <![CDATA[chrome]]>
              </value>
            </param>
          </params>
          <reporter-output>
          </reporter-output>
        </test-method> <!-- init -->
        <test-method status="PASS" signature="init(java.lang.String)[pri:0, instance:zoho.test.Zoho_DriverFactory_Test2@5bc79255]" name="init" is-config="true" duration-ms="9" started-at="2023-03-20T12:09:56Z" finished-at="2023-03-20T12:09:56Z">
          <params>
            <param index="0">
              <value>
                <![CDATA[chrome]]>
              </value>
            </param>
          </params>
          <reporter-output>
          </reporter-output>
        </test-method> <!-- init -->
        <test-method status="PASS" signature="mytest23()[pri:0, instance:zoho.test.Zoho_DriverFactory_Test2@5bc79255]" name="mytest23" duration-ms="17692" started-at="2023-03-20T12:09:56Z" finished-at="2023-03-20T12:10:14Z">
          <reporter-output>
          </reporter-output>
        </test-method> <!-- mytest23 -->
        <test-method status="PASS" signature="mytest21()[pri:0, instance:zoho.test.Zoho_DriverFactory_Test2@5bc79255]" name="mytest21" duration-ms="21395" started-at="2023-03-20T12:09:56Z" finished-at="2023-03-20T12:10:17Z">
          <reporter-output>
          </reporter-output>
        </test-method> <!-- mytest21 -->
        <test-method status="PASS" signature="teardown()[pri:0, instance:zoho.test.Zoho_DriverFactory_Test2@5bc79255]" name="teardown" is-config="true" duration-ms="5688" started-at="2023-03-20T12:10:14Z" finished-at="2023-03-20T12:10:19Z">
          <reporter-output>
          </reporter-output>
        </test-method> <!-- teardown -->
        <test-method status="PASS" signature="teardown()[pri:0, instance:zoho.test.Zoho_DriverFactory_Test2@5bc79255]" name="teardown" is-config="true" duration-ms="5731" started-at="2023-03-20T12:10:17Z" finished-at="2023-03-20T12:10:23Z">
          <reporter-output>
          </reporter-output>
        </test-method> <!-- teardown -->
      </class> <!-- zoho.test.Zoho_DriverFactory_Test2 -->
    </test> <!-- Test2 -->
  </suite> <!-- Suite -->
</testng-results>
